<!doctype html>
<html lang="">
<head>
    <meta charset="UTF-8">
    <meta name="viewport"
          content="width=device-width, user-scalable=no, initial-scale=1.0, maximum-scale=1.0, minimum-scale=1.0">
    <meta http-equiv="X-UA-Compatible" content="ie=edge">
    <title>Test Results Report - EinfoChips</title>

    <link href="reportng.css" rel="stylesheet" type="text/css"/>
</head>
<body>
<div id="meta">
Generated by <a href="http://www.testng.org" target="_blank">TestNG</a> with <a href="https://github.com/testng-team/reportng" target="_blank">ReportNG</a>
at 22:32 CST on mi√©rcoles 28 febrero 2024
    <br/><span
    id="systemInfo">nikel@Sylveryn&nbsp;/&nbsp;Java 17.0.9 (Oracle Corporation)&nbsp;/&nbsp;Windows 11 10.0 (amd64)</span>
</div>
<h1>EinfoChips</h1>

<p>
    <a href="index.html">Suites</a>
        &#183; <a href="output.html">Log Output</a>
</p>

<p>Test duration
    : 37.537s</p>

    <table class="resultsTable configTable">
        <tr>
            <th class="header failedConfig"
                colspan="3">Failed Configuration</th>
        </tr>
            <tr class="group">
                <td colspan="3">Main.EinfoChipsHome</td>
            </tr>
    <tr>
        <td class="method">
                closeBrowser
        </td>
        <td class="duration">
            0.000s
        </td>
        <td class="result">
            <!-- Display the dependencies for skipped test methods -->


            <!-- Show logger output for the test -->

                <a href="javascript:toggleElement('exception-0', 'block')"
                   title="Click to expand/collapse">
                    <b>java.lang.NullPointerException: Cannot invoke &quot;org.openqa.selenium.WebDriver.quit()&quot; because &quot;this.driver&quot; is null</b>
                </a>
                <br/>
                <div class="stackTrace" id="exception-0">
                        Main.EinfoChipsHome.closeBrowser(EinfoChipsHome.java:43)<br/>
                        java.base/jdk.internal.reflect.NativeMethodAccessorImpl.invoke0(Native Method)<br/>
                        java.base/jdk.internal.reflect.NativeMethodAccessorImpl.invoke(NativeMethodAccessorImpl.java:77)<br/>
                        java.base/jdk.internal.reflect.DelegatingMethodAccessorImpl.invoke(DelegatingMethodAccessorImpl.java:43)<br/>
                        java.base/java.lang.reflect.Method.invoke(Method.java:568)<br/>
                        org.testng.internal.invokers.MethodInvocationHelper.invokeMethod(MethodInvocationHelper.java:139)<br/>
                        org.testng.internal.invokers.MethodInvocationHelper.invokeMethodConsideringTimeout(MethodInvocationHelper.java:69)<br/>
                        org.testng.internal.invokers.ConfigInvoker.invokeConfigurationMethod(ConfigInvoker.java:393)<br/>
                        org.testng.internal.invokers.ConfigInvoker.invokeConfigurations(ConfigInvoker.java:326)<br/>
                        org.testng.internal.invokers.TestMethodWorker.invokeAfterClassConfigurations(TestMethodWorker.java:229)<br/>
                        org.testng.internal.invokers.TestMethodWorker.invokeAfterClassMethods(TestMethodWorker.java:215)<br/>
                        org.testng.internal.invokers.TestMethodWorker.run(TestMethodWorker.java:131)<br/>
                        java.base/java.util.ArrayList.forEach(ArrayList.java:1511)<br/>
                        org.testng.TestRunner.privateRun(TestRunner.java:819)<br/>
                        org.testng.TestRunner.run(TestRunner.java:619)<br/>
                        org.testng.SuiteRunner.runTest(SuiteRunner.java:443)<br/>
                        org.testng.SuiteRunner.runSequentially(SuiteRunner.java:437)<br/>
                        org.testng.SuiteRunner.privateRun(SuiteRunner.java:397)<br/>
                        org.testng.SuiteRunner.run(SuiteRunner.java:336)<br/>
                        org.testng.SuiteRunnerWorker.runSuite(SuiteRunnerWorker.java:52)<br/>
                        org.testng.SuiteRunnerWorker.run(SuiteRunnerWorker.java:95)<br/>
                        org.testng.TestNG.runSuitesSequentially(TestNG.java:1301)<br/>
                        org.testng.TestNG.runSuitesLocally(TestNG.java:1228)<br/>
                        org.testng.TestNG.runSuites(TestNG.java:1134)<br/>
                        org.testng.TestNG.run(TestNG.java:1101)<br/>
                        com.intellij.rt.testng.IDEARemoteTestNG.run(IDEARemoteTestNG.java:66)<br/>
                        com.intellij.rt.testng.RemoteTestNGStarter.main(RemoteTestNGStarter.java:109)<br/>
                </div>
        </td>
    </tr>

    </table>

    <table class="resultsTable">
        <tr>
            <th colspan="3" class="header failed">Failed Tests</th>
        </tr>
            <tr>
                <td class="group" colspan="3">Main.EinfoChipsHome</td>
            </tr>
    <tr>
        <td class="method">
                ContactUs_page
        </td>
        <td class="duration">
            8.557s
        </td>
        <td class="result">
            <!-- Display the dependencies for skipped test methods -->

                <i>Method arguments: </i>
                <span class="arguments">
                    "Elena", "random@email.com", "12345678", "The company", "Domains", "a comment is getting written"
                </span>
                <br/>

            <!-- Show logger output for the test -->

                <a href="javascript:toggleElement('exception-1', 'block')"
                   title="Click to expand/collapse">
                    <b>java.lang.NullPointerException: Cannot invoke &quot;org.openqa.selenium.WebDriver.close()&quot; because &quot;this.driver&quot; is null</b>
                </a>
                <br/>
                <div class="stackTrace" id="exception-1">
                        Main.EinfoChipsHome.ContactUs_page(EinfoChipsHome.java:143)<br/>
                        java.base/jdk.internal.reflect.NativeMethodAccessorImpl.invoke0(Native Method)<br/>
                        java.base/jdk.internal.reflect.NativeMethodAccessorImpl.invoke(NativeMethodAccessorImpl.java:77)<br/>
                        java.base/jdk.internal.reflect.DelegatingMethodAccessorImpl.invoke(DelegatingMethodAccessorImpl.java:43)<br/>
                        java.base/java.lang.reflect.Method.invoke(Method.java:568)<br/>
                        org.testng.internal.invokers.MethodInvocationHelper.invokeMethod(MethodInvocationHelper.java:139)<br/>
                        org.testng.internal.invokers.TestInvoker.invokeMethod(TestInvoker.java:664)<br/>
                        org.testng.internal.invokers.TestInvoker.invokeTestMethod(TestInvoker.java:228)<br/>
                        org.testng.internal.invokers.MethodRunner.runInSequence(MethodRunner.java:63)<br/>
                        org.testng.internal.invokers.TestInvoker$MethodInvocationAgent.invoke(TestInvoker.java:961)<br/>
                        org.testng.internal.invokers.TestInvoker.invokeTestMethods(TestInvoker.java:201)<br/>
                        org.testng.internal.invokers.TestMethodWorker.invokeTestMethods(TestMethodWorker.java:148)<br/>
                        org.testng.internal.invokers.TestMethodWorker.run(TestMethodWorker.java:128)<br/>
                        java.base/java.util.ArrayList.forEach(ArrayList.java:1511)<br/>
                        org.testng.TestRunner.privateRun(TestRunner.java:819)<br/>
                        org.testng.TestRunner.run(TestRunner.java:619)<br/>
                        org.testng.SuiteRunner.runTest(SuiteRunner.java:443)<br/>
                        org.testng.SuiteRunner.runSequentially(SuiteRunner.java:437)<br/>
                        org.testng.SuiteRunner.privateRun(SuiteRunner.java:397)<br/>
                        org.testng.SuiteRunner.run(SuiteRunner.java:336)<br/>
                        org.testng.SuiteRunnerWorker.runSuite(SuiteRunnerWorker.java:52)<br/>
                        org.testng.SuiteRunnerWorker.run(SuiteRunnerWorker.java:95)<br/>
                        org.testng.TestNG.runSuitesSequentially(TestNG.java:1301)<br/>
                        org.testng.TestNG.runSuitesLocally(TestNG.java:1228)<br/>
                        org.testng.TestNG.runSuites(TestNG.java:1134)<br/>
                        org.testng.TestNG.run(TestNG.java:1101)<br/>
                        com.intellij.rt.testng.IDEARemoteTestNG.run(IDEARemoteTestNG.java:66)<br/>
                        com.intellij.rt.testng.RemoteTestNGStarter.main(RemoteTestNGStarter.java:109)<br/>
                </div>
        </td>
    </tr>
    <tr>
        <td class="method">
                validateSemiCond_page
        </td>
        <td class="duration">
            2.015s
        </td>
        <td class="result">
            <!-- Display the dependencies for skipped test methods -->

                <i>Method arguments: </i>
                <span class="arguments">
                    "https://www.einfochips.com/domains/semiconductor/", "Semiconductor Design Services | ASIC/FPGA Design Services"
                </span>
                <br/>

            <!-- Show logger output for the test -->

                <a href="javascript:toggleElement('exception-2', 'block')"
                   title="Click to expand/collapse">
                    <b>java.lang.NullPointerException: Cannot invoke &quot;org.openqa.selenium.WebDriver.getCurrentUrl()&quot; because &quot;this.driver&quot; is null</b>
                </a>
                <br/>
                <div class="stackTrace" id="exception-2">
                        Main.EinfoChipsHome.validateSemiCond_page(EinfoChipsHome.java:99)<br/>
                        java.base/jdk.internal.reflect.NativeMethodAccessorImpl.invoke0(Native Method)<br/>
                        java.base/jdk.internal.reflect.NativeMethodAccessorImpl.invoke(NativeMethodAccessorImpl.java:77)<br/>
                        java.base/jdk.internal.reflect.DelegatingMethodAccessorImpl.invoke(DelegatingMethodAccessorImpl.java:43)<br/>
                        java.base/java.lang.reflect.Method.invoke(Method.java:568)<br/>
                        org.testng.internal.invokers.MethodInvocationHelper.invokeMethod(MethodInvocationHelper.java:139)<br/>
                        org.testng.internal.invokers.TestInvoker.invokeMethod(TestInvoker.java:664)<br/>
                        org.testng.internal.invokers.TestInvoker.invokeTestMethod(TestInvoker.java:228)<br/>
                        org.testng.internal.invokers.MethodRunner.runInSequence(MethodRunner.java:63)<br/>
                        org.testng.internal.invokers.TestInvoker$MethodInvocationAgent.invoke(TestInvoker.java:961)<br/>
                        org.testng.internal.invokers.TestInvoker.invokeTestMethods(TestInvoker.java:201)<br/>
                        org.testng.internal.invokers.TestMethodWorker.invokeTestMethods(TestMethodWorker.java:148)<br/>
                        org.testng.internal.invokers.TestMethodWorker.run(TestMethodWorker.java:128)<br/>
                        java.base/java.util.ArrayList.forEach(ArrayList.java:1511)<br/>
                        org.testng.TestRunner.privateRun(TestRunner.java:819)<br/>
                        org.testng.TestRunner.run(TestRunner.java:619)<br/>
                        org.testng.SuiteRunner.runTest(SuiteRunner.java:443)<br/>
                        org.testng.SuiteRunner.runSequentially(SuiteRunner.java:437)<br/>
                        org.testng.SuiteRunner.privateRun(SuiteRunner.java:397)<br/>
                        org.testng.SuiteRunner.run(SuiteRunner.java:336)<br/>
                        org.testng.SuiteRunnerWorker.runSuite(SuiteRunnerWorker.java:52)<br/>
                        org.testng.SuiteRunnerWorker.run(SuiteRunnerWorker.java:95)<br/>
                        org.testng.TestNG.runSuitesSequentially(TestNG.java:1301)<br/>
                        org.testng.TestNG.runSuitesLocally(TestNG.java:1228)<br/>
                        org.testng.TestNG.runSuites(TestNG.java:1134)<br/>
                        org.testng.TestNG.run(TestNG.java:1101)<br/>
                        com.intellij.rt.testng.IDEARemoteTestNG.run(IDEARemoteTestNG.java:66)<br/>
                        com.intellij.rt.testng.RemoteTestNGStarter.main(RemoteTestNGStarter.java:109)<br/>
                </div>
        </td>
    </tr>
    </table>


    <table class="resultsTable" width="100%">
        <tr>
            <th colspan="3" class="header passed">Passed Tests</th>
        </tr>
            <tr>
                <td class="group" colspan="3">Main.EinfoChipsHome</td>
            </tr>
    <tr>
        <td class="method">
                backHome_page
        </td>
        <td class="duration">
            2.495s
        </td>
        <td class="result">
            <!-- Display the dependencies for skipped test methods -->


            <!-- Show logger output for the test -->

        </td>
    </tr>
    <tr>
        <td class="method">
                domainsOptions
        </td>
        <td class="duration">
            9.312s
        </td>
        <td class="result">
            <!-- Display the dependencies for skipped test methods -->


            <!-- Show logger output for the test -->

        </td>
    </tr>
    <tr>
        <td class="method">
                validateAerospace_section
        </td>
        <td class="duration">
            0.035s
        </td>
        <td class="result">
            <!-- Display the dependencies for skipped test methods -->


            <!-- Show logger output for the test -->

        </td>
    </tr>
    <tr>
        <td class="method">
                validateChampionInnovation
        </td>
        <td class="duration">
            6.093s
        </td>
        <td class="result">
            <!-- Display the dependencies for skipped test methods -->

                <i>Method arguments: </i>
                <span class="arguments">
                    10
                </span>
                <br/>

            <!-- Show logger output for the test -->

        </td>
    </tr>
    <tr>
        <td class="method">
                validateLogo
        </td>
        <td class="duration">
            2.047s
        </td>
        <td class="result">
            <!-- Display the dependencies for skipped test methods -->


            <!-- Show logger output for the test -->

        </td>
    </tr>
    <tr>
        <td class="method">
                validateMenuHeaders
        </td>
        <td class="duration">
            0.061s
        </td>
        <td class="result">
            <!-- Display the dependencies for skipped test methods -->

                <i>Method arguments: </i>
                <span class="arguments">
                    "Services,IPs & Frameworks,Domains,Reference Designs,Partnerships,About Us"
                </span>
                <br/>

            <!-- Show logger output for the test -->

        </td>
    </tr>
    <tr>
        <td class="method">
                validateNewsletter_section
        </td>
        <td class="duration">
            2.046s
        </td>
        <td class="result">
            <!-- Display the dependencies for skipped test methods -->

                <i>Method arguments: </i>
                <span class="arguments">
                    "Business Email*"
                </span>
                <br/>

            <!-- Show logger output for the test -->

        </td>
    </tr>
    </table>

<script type="text/javascript" src="reportng.js"></script>
</body>
